# JRE version: OpenJDK Runtime Environment (8.0_91-b14) (build 1.8.0_91-8u91-b14-3ubuntu1~16.04.1-b14)
# Java VM: OpenJDK 64-Bit Server VM (25.91-b14 mixed mode linux-amd64 compressed oops)
Heap:
 PSYoungGen      total 21504K, used 13765K [0x00000000ebd80000, 0x00000000ed800000, 0x0000000100000000)
  eden space 15872K, 85% used [0x00000000ebd80000,0x00000000ecad1498,0x00000000ecd00000)
  from space 5632K, 2% used [0x00000000ecd00000,0x00000000ecd20350,0x00000000ed280000)
  to   space 5632K, 0% used [0x00000000ed280000,0x00000000ed280000,0x00000000ed800000)
 ParOldGen       total 42496K, used 5781K [0x00000000c3800000, 0x00000000c6180000, 0x00000000ebd80000)
  object space 42496K, 13% used [0x00000000c3800000,0x00000000c3da5620,0x00000000c6180000)
 Metaspace       used 20145K, capacity 20388K, committed 20608K, reserved 1067008K
  class space    used 2290K, capacity 2386K, committed 2432K, reserved 1048576K
GC Heap History (10 events):
Event: 305,779 GC heap before
{Heap before GC invocations=7 (full 0):
 PSYoungGen      total 19968K, used 18754K [0x00000000ebd80000, 0x00000000ed600000, 0x0000000100000000)
  eden space 15872K, 100% used [0x00000000ebd80000,0x00000000ecd00000,0x00000000ecd00000)
  from space 4096K, 70% used [0x00000000ed200000,0x00000000ed4d0830,0x00000000ed600000)
  to   space 4608K, 0% used [0x00000000ecd00000,0x00000000ecd00000,0x00000000ed180000)
 ParOldGen       total 42496K, used 3036K [0x00000000c3800000, 0x00000000c6180000, 0x00000000ebd80000)
  object space 42496K, 7% used [0x00000000c3800000,0x00000000c3af7380,0x00000000c6180000)
 Metaspace       used 19976K, capacity 20254K, committed 20352K, reserved 1067008K
  class space    used 2288K, capacity 2385K, committed 2432K, reserved 1048576K
Event: 305,788 GC heap after
Heap after GC invocations=7 (full 0):
 PSYoungGen      total 20480K, used 768K [0x00000000ebd80000, 0x00000000ed700000, 0x0000000100000000)
  eden space 15872K, 0% used [0x00000000ebd80000,0x00000000ebd80000,0x00000000ecd00000)
  from space 4608K, 16% used [0x00000000ecd00000,0x00000000ecdc0350,0x00000000ed180000)
  to   space 5120K, 0% used [0x00000000ed200000,0x00000000ed200000,0x00000000ed700000)
 ParOldGen       total 42496K, used 5071K [0x00000000c3800000, 0x00000000c6180000, 0x00000000ebd80000)
  object space 42496K, 11% used [0x00000000c3800000,0x00000000c3cf3dc0,0x00000000c6180000)
 Metaspace       used 19976K, capacity 20254K, committed 20352K, reserved 1067008K
  class space    used 2288K, capacity 2385K, committed 2432K, reserved 1048576K
}
Event: 307,189 GC heap before
{Heap before GC invocations=8 (full 0):
 PSYoungGen      total 20480K, used 16640K [0x00000000ebd80000, 0x00000000ed700000, 0x0000000100000000)
  eden space 15872K, 100% used [0x00000000ebd80000,0x00000000ecd00000,0x00000000ecd00000)
  from space 4608K, 16% used [0x00000000ecd00000,0x00000000ecdc0350,0x00000000ed180000)
  to   space 5120K, 0% used [0x00000000ed200000,0x00000000ed200000,0x00000000ed700000)
 ParOldGen       total 42496K, used 5071K [0x00000000c3800000, 0x00000000c6180000, 0x00000000ebd80000)
  object space 42496K, 11% used [0x00000000c3800000,0x00000000c3cf3dc0,0x00000000c6180000)
 Metaspace       used 19993K, capacity 20254K, committed 20352K, reserved 1067008K
  class space    used 2288K, capacity 2385K, committed 2432K, reserved 1048576K
Event: 307,196 GC heap after
Heap after GC invocations=8 (full 0):
 PSYoungGen      total 20992K, used 480K [0x00000000ebd80000, 0x00000000ed700000, 0x0000000100000000)
  eden space 15872K, 0% used [0x00000000ebd80000,0x00000000ebd80000,0x00000000ecd00000)
  from space 5120K, 9% used [0x00000000ed200000,0x00000000ed278350,0x00000000ed700000)
  to   space 5120K, 0% used [0x00000000ecd00000,0x00000000ecd00000,0x00000000ed200000)
 ParOldGen       total 42496K, used 5351K [0x00000000c3800000, 0x00000000c6180000, 0x00000000ebd80000)
  object space 42496K, 12% used [0x00000000c3800000,0x00000000c3d39de0,0x00000000c6180000)
 Metaspace       used 19993K, capacity 20254K, committed 20352K, reserved 1067008K
  class space    used 2288K, capacity 2385K, committed 2432K, reserved 1048576K
}
Event: 308,656 GC heap before
{Heap before GC invocations=9 (full 0):
 PSYoungGen      total 20992K, used 16352K [0x00000000ebd80000, 0x00000000ed700000, 0x0000000100000000)
  eden space 15872K, 100% used [0x00000000ebd80000,0x00000000ecd00000,0x00000000ecd00000)
  from space 5120K, 9% used [0x00000000ed200000,0x00000000ed278350,0x00000000ed700000)
  to   space 5120K, 0% used [0x00000000ecd00000,0x00000000ecd00000,0x00000000ed200000)
 ParOldGen       total 42496K, used 5351K [0x00000000c3800000, 0x00000000c6180000, 0x00000000ebd80000)
  object space 42496K, 12% used [0x00000000c3800000,0x00000000c3d39de0,0x00000000c6180000)
 Metaspace       used 20001K, capacity 20254K, committed 20352K, reserved 1067008K
  class space    used 2288K, capacity 2385K, committed 2432K, reserved 1048576K
Event: 308,663 GC heap after
Heap after GC invocations=9 (full 0):
 PSYoungGen      total 20992K, used 160K [0x00000000ebd80000, 0x00000000ed800000, 0x0000000100000000)
  eden space 15872K, 0% used [0x00000000ebd80000,0x00000000ebd80000,0x00000000ecd00000)
  from space 5120K, 3% used [0x00000000ecd00000,0x00000000ecd28000,0x00000000ed200000)
  to   space 5632K, 0% used [0x00000000ed280000,0x00000000ed280000,0x00000000ed800000)
 ParOldGen       total 42496K, used 5629K [0x00000000c3800000, 0x00000000c6180000, 0x00000000ebd80000)
  object space 42496K, 13% used [0x00000000c3800000,0x00000000c3d7f610,0x00000000c6180000)
 Metaspace       used 20001K, capacity 20254K, committed 20352K, reserved 1067008K
  class space    used 2288K, capacity 2385K, committed 2432K, reserved 1048576K
}
Event: 316,150 GC heap before
{Heap before GC invocations=10 (full 0):
 PSYoungGen      total 20992K, used 16032K [0x00000000ebd80000, 0x00000000ed800000, 0x0000000100000000)
  eden space 15872K, 100% used [0x00000000ebd80000,0x00000000ecd00000,0x00000000ecd00000)
  from space 5120K, 3% used [0x00000000ecd00000,0x00000000ecd28000,0x00000000ed200000)
  to   space 5632K, 0% used [0x00000000ed280000,0x00000000ed280000,0x00000000ed800000)
 ParOldGen       total 42496K, used 5629K [0x00000000c3800000, 0x00000000c6180000, 0x00000000ebd80000)
  object space 42496K, 13% used [0x00000000c3800000,0x00000000c3d7f610,0x00000000c6180000)
 Metaspace       used 20027K, capacity 20254K, committed 20352K, reserved 1067008K
  class space    used 2288K, capacity 2385K, committed 2432K, reserved 1048576K
Event: 316,152 GC heap after
Heap after GC invocations=10 (full 0):
 PSYoungGen      total 21504K, used 128K [0x00000000ebd80000, 0x00000000ed800000, 0x0000000100000000)
  eden space 15872K, 0% used [0x00000000ebd80000,0x00000000ebd80000,0x00000000ecd00000)
  from space 5632K, 2% used [0x00000000ed280000,0x00000000ed2a0350,0x00000000ed800000)
  to   space 5632K, 0% used [0x00000000ecd00000,0x00000000ecd00000,0x00000000ed280000)
 ParOldGen       total 42496K, used 5741K [0x00000000c3800000, 0x00000000c6180000, 0x00000000ebd80000)
  object space 42496K, 13% used [0x00000000c3800000,0x00000000c3d9b620,0x00000000c6180000)
 Metaspace       used 20027K, capacity 20254K, committed 20352K, reserved 1067008K
  class space    used 2288K, capacity 2385K, committed 2432K, reserved 1048576K
}
Event: 317,351 GC heap before
{Heap before GC invocations=11 (full 0):
 PSYoungGen      total 21504K, used 15989K [0x00000000ebd80000, 0x00000000ed800000, 0x0000000100000000)
  eden space 15872K, 99% used [0x00000000ebd80000,0x00000000eccfd2a0,0x00000000ecd00000)
  from space 5632K, 2% used [0x00000000ed280000,0x00000000ed2a0350,0x00000000ed800000)
  to   space 5632K, 0% used [0x00000000ecd00000,0x00000000ecd00000,0x00000000ed280000)
 ParOldGen       total 42496K, used 5741K [0x00000000c3800000, 0x00000000c6180000, 0x00000000ebd80000)
  object space 42496K, 13% used [0x00000000c3800000,0x00000000c3d9b620,0x00000000c6180000)
 Metaspace       used 20036K, capacity 20254K, committed 20352K, reserved 1067008K
  class space    used 2288K, capacity 2385K, committed 2432K, reserved 1048576K
Event: 317,353 GC heap after
Heap after GC invocations=11 (full 0):
 PSYoungGen      total 21504K, used 128K [0x00000000ebd80000, 0x00000000ed800000, 0x0000000100000000)
  eden space 15872K, 0% used [0x00000000ebd80000,0x00000000ebd80000,0x00000000ecd00000)
  from space 5632K, 2% used [0x00000000ecd00000,0x00000000ecd20350,0x00000000ed280000)
  to   space 5632K, 0% used [0x00000000ed280000,0x00000000ed280000,0x00000000ed800000)
 ParOldGen       total 42496K, used 5781K [0x00000000c3800000, 0x00000000c6180000, 0x00000000ebd80000)
  object space 42496K, 13% used [0x00000000c3800000,0x00000000c3da5620,0x00000000c6180000)
 Metaspace       used 20036K, capacity 20254K, committed 20352K, reserved 1067008K
  class space    used 2288K, capacity 2385K, committed 2432K, reserved 1048576K
}

